This file contains any messages produced by compilers while
running configure, to aid debugging if configure makes a mistake.

It was created by libvdeplug_pcap configure 0.1, which was
generated by GNU Autoconf 2.69.  Invocation command line was

  $ ./configure 

## --------- ##
## Platform. ##
## --------- ##

hostname = stefano-VirtualBox
uname -m = x86_64
uname -r = 5.4.0-21-generic
uname -s = Linux
uname -v = #25-Ubuntu SMP Sat Mar 28 13:10:28 UTC 2020

/usr/bin/uname -p = x86_64
/bin/uname -X     = unknown

/bin/arch              = x86_64
/usr/bin/arch -k       = unknown
/usr/convex/getsysinfo = unknown
/usr/bin/hostinfo      = unknown
/bin/machine           = unknown
/usr/bin/oslevel       = unknown
/bin/universe          = unknown

PATH: /usr/local/sbin
PATH: /usr/local/bin
PATH: /usr/sbin
PATH: /usr/bin
PATH: /sbin
PATH: /bin
PATH: /snap/bin


## ----------- ##
## Core tests. ##
## ----------- ##

configure:2266: checking for a BSD-compatible install
configure:2334: result: /usr/bin/install -c
configure:2345: checking whether build environment is sane
configure:2400: result: yes
configure:2549: checking for a thread-safe mkdir -p
configure:2588: result: /usr/bin/mkdir -p
configure:2595: checking for gawk
configure:2625: result: no
configure:2595: checking for mawk
configure:2611: found /usr/bin/mawk
configure:2622: result: mawk
configure:2633: checking whether make sets $(MAKE)
configure:2655: result: yes
configure:2684: checking whether make supports nested variables
configure:2701: result: yes
configure:2943: checking for gcc
configure:2959: found /usr/bin/gcc
configure:2970: result: gcc
configure:3199: checking for C compiler version
configure:3208: gcc --version >&5
gcc (Ubuntu 9.3.0-10ubuntu1) 9.3.0
Copyright (C) 2019 Free Software Foundation, Inc.
This is free software; see the source for copying conditions.  There is NO
warranty; not even for MERCHANTABILITY or FITNESS FOR A PARTICULAR PURPOSE.

configure:3219: $? = 0
configure:3208: gcc -v >&5
Using built-in specs.
COLLECT_GCC=gcc
COLLECT_LTO_WRAPPER=/usr/lib/gcc/x86_64-linux-gnu/9/lto-wrapper
OFFLOAD_TARGET_NAMES=nvptx-none:hsa
OFFLOAD_TARGET_DEFAULT=1
Target: x86_64-linux-gnu
Configured with: ../src/configure -v --with-pkgversion='Ubuntu 9.3.0-10ubuntu1' --with-bugurl=file:///usr/share/doc/gcc-9/README.Bugs --enable-languages=c,ada,c++,go,brig,d,fortran,objc,obj-c++,gm2 --prefix=/usr --with-gcc-major-version-only --program-suffix=-9 --program-prefix=x86_64-linux-gnu- --enable-shared --enable-linker-build-id --libexecdir=/usr/lib --without-included-gettext --enable-threads=posix --libdir=/usr/lib --enable-nls --enable-clocale=gnu --enable-libstdcxx-debug --enable-libstdcxx-time=yes --with-default-libstdcxx-abi=new --enable-gnu-unique-object --disable-vtable-verify --enable-plugin --enable-default-pie --with-system-zlib --with-target-system-zlib=auto --enable-objc-gc=auto --enable-multiarch --disable-werror --with-arch-32=i686 --with-abi=m64 --with-multilib-list=m32,m64,mx32 --enable-multilib --with-tune=generic --enable-offload-targets=nvptx-none,hsa --without-cuda-driver --enable-checking=release --build=x86_64-linux-gnu --host=x86_64-linux-gnu --target=x86_64-linux-gnu
Thread model: posix
gcc version 9.3.0 (Ubuntu 9.3.0-10ubuntu1) 
configure:3219: $? = 0
configure:3208: gcc -V >&5
gcc: error: unrecognized command line option '-V'
gcc: fatal error: no input files
compilation terminated.
configure:3219: $? = 1
configure:3208: gcc -qversion >&5
gcc: error: unrecognized command line option '-qversion'; did you mean '--version'?
gcc: fatal error: no input files
compilation terminated.
configure:3219: $? = 1
configure:3239: checking whether the C compiler works
configure:3261: gcc  -Wall   conftest.c  >&5
configure:3265: $? = 0
configure:3313: result: yes
configure:3316: checking for C compiler default output file name
configure:3318: result: a.out
configure:3324: checking for suffix of executables
configure:3331: gcc -o conftest  -Wall   conftest.c  >&5
configure:3335: $? = 0
configure:3357: result: 
configure:3379: checking whether we are cross compiling
configure:3387: gcc -o conftest  -Wall   conftest.c  >&5
configure:3391: $? = 0
configure:3398: ./conftest
configure:3402: $? = 0
configure:3390: result: no
configure:3395: checking for suffix of object files
configure:3417: gcc -c  -Wall  conftest.c >&5
configure:3421: $? = 0
configure:3442: result: o
configure:3446: checking whether we are using the GNU C compiler
configure:3465: gcc -c  -Wall  conftest.c >&5
configure:3465: $? = 0
configure:3474: result: yes
configure:3483: checking whether gcc accepts -g
configure:3503: gcc -c -g  conftest.c >&5
configure:3503: $? = 0
configure:3544: result: yes
configure:3561: checking for gcc option to accept ISO C89
configure:3624: gcc  -c  -Wall  conftest.c >&5
configure:3624: $? = 0
configure:3637: result: none needed
configure:3662: checking whether gcc understands -c and -o together
configure:3684: gcc -c conftest.c -o conftest2.o
configure:3687: $? = 0
configure:3684: gcc -c conftest.c -o conftest2.o
configure:3687: $? = 0
configure:3699: result: yes
configure:3719: checking whether make supports the include directive
configure:3734: make -f confmf.GNU && cat confinc.out
this is the am__doit target
configure:3737: $? = 0
configure:3756: result: yes (GNU style)
configure:3781: checking dependency style of gcc
configure:3892: result: gcc3
configure:3938: checking build system type
configure:3952: result: x86_64-pc-linux-gnu
configure:3972: checking host system type
configure:3985: result: x86_64-pc-linux-gnu
configure:4026: checking how to print strings
configure:4053: result: printf
configure:4074: checking for a sed that does not truncate output
configure:4138: result: /usr/bin/sed
configure:4156: checking for grep that handles long lines and -e
configure:4214: result: /usr/bin/grep
configure:4219: checking for egrep
configure:4281: result: /usr/bin/grep -E
configure:4286: checking for fgrep
configure:4348: result: /usr/bin/grep -F
configure:4383: checking for ld used by gcc
configure:4450: result: /usr/bin/ld
configure:4457: checking if the linker (/usr/bin/ld) is GNU ld
configure:4472: result: yes
configure:4484: checking for BSD- or MS-compatible name lister (nm)
configure:4538: result: /usr/bin/nm -B
configure:4668: checking the name lister (/usr/bin/nm -B) interface
configure:4675: gcc -c  -Wall  conftest.c >&5
configure:4678: /usr/bin/nm -B "conftest.o"
configure:4681: output
0000000000000000 B some_variable
configure:4682: result: BSD nm
configure:4685: checking whether ln -s works
configure:4689: result: yes
configure:4697: checking the maximum length of command line arguments
configure:4828: result: 1572864
configure:4876: checking how to convert x86_64-pc-linux-gnu file names to x86_64-pc-linux-gnu format
configure:4916: result: func_convert_file_noop
configure:4923: checking how to convert x86_64-pc-linux-gnu file names to toolchain format
configure:4943: result: func_convert_file_noop
configure:4950: checking for /usr/bin/ld option to reload object files
configure:4957: result: -r
configure:5031: checking for objdump
configure:5047: found /usr/bin/objdump
configure:5058: result: objdump
configure:5090: checking how to recognize dependent libraries
configure:5290: result: pass_all
configure:5375: checking for dlltool
configure:5405: result: no
configure:5435: checking how to associate runtime and link libraries
configure:5462: result: printf %s\n
configure:5523: checking for ar
configure:5539: found /usr/bin/ar
configure:5550: result: ar
configure:5587: checking for archiver @FILE support
configure:5604: gcc -c  -Wall  conftest.c >&5
configure:5604: $? = 0
configure:5607: ar cr libconftest.a @conftest.lst >&5
configure:5610: $? = 0
configure:5615: ar cr libconftest.a @conftest.lst >&5
ar: conftest.o: No such file or directory
configure:5618: $? = 1
configure:5617: result: @
configure:5675: checking for strip
configure:5691: found /usr/bin/strip
configure:5702: result: strip
configure:5774: checking for ranlib
configure:5790: found /usr/bin/ranlib
configure:5801: result: ranlib
configure:5903: checking command to parse /usr/bin/nm -B output from gcc object
configure:6056: gcc -c  -Wall  conftest.c >&5
configure:6059: $? = 0
configure:6063: /usr/bin/nm -B conftest.o | sed -n -e 's/^.*[	 ]\([ABCDGIRSTW][ABCDGIRSTW]*\)[	 ][	 ]*\([_A-Za-z][_A-Za-z0-9]*\)$/\1 \2 \2/p' | sed '/ __gnu_lto/d' > conftest.nm
configure:6129: gcc -o conftest  -Wall   conftest.c conftstm.o >&5
configure:6132: $? = 0
configure:6170: result: ok
configure:6217: checking for sysroot
configure:6247: result: no
configure:6254: checking for a working dd
configure:6292: result: /usr/bin/dd
configure:6296: checking how to truncate binary pipes
configure:6311: result: /usr/bin/dd bs=4096 count=1
configure:6447: gcc -c  -Wall  conftest.c >&5
configure:6450: $? = 0
configure:6640: checking for mt
configure:6656: found /usr/bin/mt
configure:6667: result: mt
configure:6690: checking if mt is a manifest tool
configure:6696: mt '-?'
configure:6704: result: no
configure:7381: checking how to run the C preprocessor
configure:7412: gcc -E  conftest.c
configure:7412: $? = 0
configure:7426: gcc -E  conftest.c
conftest.c:11:10: fatal error: ac_nonexistent.h: No such file or directory
   11 | #include <ac_nonexistent.h>
      |          ^~~~~~~~~~~~~~~~~~
compilation terminated.
configure:7426: $? = 1
configure: failed program was:
| /* confdefs.h */
| #define PACKAGE_NAME "libvdeplug_pcap"
| #define PACKAGE_TARNAME "libvdeplug_pcap"
| #define PACKAGE_VERSION "0.1"
| #define PACKAGE_STRING "libvdeplug_pcap 0.1"
| #define PACKAGE_BUGREPORT "info@v2.cs.unibo.it"
| #define PACKAGE_URL ""
| #define PACKAGE "libvdeplug_pcap"
| #define VERSION "0.1"
| /* end confdefs.h.  */
| #include <ac_nonexistent.h>
configure:7451: result: gcc -E
configure:7471: gcc -E  conftest.c
configure:7471: $? = 0
configure:7485: gcc -E  conftest.c
conftest.c:11:10: fatal error: ac_nonexistent.h: No such file or directory
   11 | #include <ac_nonexistent.h>
      |          ^~~~~~~~~~~~~~~~~~
compilation terminated.
configure:7485: $? = 1
configure: failed program was:
| /* confdefs.h */
| #define PACKAGE_NAME "libvdeplug_pcap"
| #define PACKAGE_TARNAME "libvdeplug_pcap"
| #define PACKAGE_VERSION "0.1"
| #define PACKAGE_STRING "libvdeplug_pcap 0.1"
| #define PACKAGE_BUGREPORT "info@v2.cs.unibo.it"
| #define PACKAGE_URL ""
| #define PACKAGE "libvdeplug_pcap"
| #define VERSION "0.1"
| /* end confdefs.h.  */
| #include <ac_nonexistent.h>
configure:7514: checking for ANSI C header files
configure:7534: gcc -c  -Wall  conftest.c >&5
configure:7534: $? = 0
configure:7607: gcc -o conftest  -Wall   conftest.c  >&5
configure:7607: $? = 0
configure:7607: ./conftest
configure:7607: $? = 0
configure:7618: result: yes
configure:7631: checking for sys/types.h
configure:7631: gcc -c  -Wall  conftest.c >&5
configure:7631: $? = 0
configure:7631: result: yes
configure:7631: checking for sys/stat.h
configure:7631: gcc -c  -Wall  conftest.c >&5
configure:7631: $? = 0
configure:7631: result: yes
configure:7631: checking for stdlib.h
configure:7631: gcc -c  -Wall  conftest.c >&5
configure:7631: $? = 0
configure:7631: result: yes
configure:7631: checking for string.h
configure:7631: gcc -c  -Wall  conftest.c >&5
configure:7631: $? = 0
configure:7631: result: yes
configure:7631: checking for memory.h
configure:7631: gcc -c  -Wall  conftest.c >&5
configure:7631: $? = 0
configure:7631: result: yes
configure:7631: checking for strings.h
configure:7631: gcc -c  -Wall  conftest.c >&5
configure:7631: $? = 0
configure:7631: result: yes
configure:7631: checking for inttypes.h
configure:7631: gcc -c  -Wall  conftest.c >&5
configure:7631: $? = 0
configure:7631: result: yes
configure:7631: checking for stdint.h
configure:7631: gcc -c  -Wall  conftest.c >&5
configure:7631: $? = 0
configure:7631: result: yes
configure:7631: checking for unistd.h
configure:7631: gcc -c  -Wall  conftest.c >&5
configure:7631: $? = 0
configure:7631: result: yes
configure:7645: checking for dlfcn.h
configure:7645: gcc -c  -Wall  conftest.c >&5
configure:7645: $? = 0
configure:7645: result: yes
configure:7841: checking for objdir
configure:7856: result: .libs
configure:8116: checking if gcc supports -fno-rtti -fno-exceptions
configure:8134: gcc -c  -Wall  -fno-rtti -fno-exceptions conftest.c >&5
cc1: warning: command line option '-fno-rtti' is valid for C++/D/ObjC++ but not for C
configure:8138: $? = 0
configure:8151: result: no
configure:8515: checking for gcc option to produce PIC
configure:8522: result: -fPIC -DPIC
configure:8530: checking if gcc PIC flag -fPIC -DPIC works
configure:8548: gcc -c  -Wall  -fPIC -DPIC -DPIC conftest.c >&5
configure:8552: $? = 0
configure:8565: result: yes
configure:8594: checking if gcc static flag -static works
configure:8622: result: yes
configure:8637: checking if gcc supports -c -o file.o
configure:8658: gcc -c  -Wall  -o out/conftest2.o conftest.c >&5
configure:8662: $? = 0
configure:8684: result: yes
configure:8692: checking if gcc supports -c -o file.o
configure:8739: result: yes
configure:8772: checking whether the gcc linker (/usr/bin/ld -m elf_x86_64) supports shared libraries
configure:10035: result: yes
configure:10072: checking whether -lc should be explicitly linked in
configure:10080: gcc -c  -Wall  conftest.c >&5
configure:10083: $? = 0
configure:10098: gcc -shared  -fPIC -DPIC conftest.o  -v -Wl,-soname -Wl,conftest -o conftest 2\>\&1 \| /usr/bin/grep  -lc  \>/dev/null 2\>\&1
configure:10101: $? = 0
configure:10115: result: no
configure:10275: checking dynamic linker characteristics
configure:10856: gcc -o conftest  -Wall   -Wl,-rpath -Wl,/foo conftest.c  >&5
configure:10856: $? = 0
configure:11105: result: GNU/Linux ld.so
configure:11227: checking how to hardcode library paths into programs
configure:11252: result: immediate
configure:11800: checking whether stripping libraries is possible
configure:11805: result: yes
configure:11840: checking if libtool supports shared libraries
configure:11842: result: yes
configure:11845: checking whether to build shared libraries
configure:11870: result: yes
configure:11873: checking whether to build static libraries
configure:11877: result: no
configure:8697: checking fcntl.h usability
configure:8697: gcc -c  -Wall  conftest.c >&5
configure:8697: $? = 0
configure:8697: result: yes
configure:8697: checking fcntl.h presence
configure:8697: gcc -E  conftest.c
configure:8697: $? = 0
configure:8697: result: yes
configure:8697: checking for fcntl.h
configure:8697: result: yes
configure:8697: checking for stdint.h
configure:8697: result: yes
configure:8697: checking for stdlib.h
configure:8697: result: yes
configure:8697: checking for string.h
configure:8697: result: yes
configure:8697: checking for unistd.h
configure:8697: result: yes
configure:8697: checking syslog.h usability
configure:8697: gcc -c  -Wall  conftest.c >&5
configure:8697: $? = 0
configure:8697: result: yes
configure:8697: checking syslog.h presence
configure:8697: gcc -E  conftest.c
configure:8697: $? = 0
configure:8697: result: yes
configure:8697: checking for syslog.h
configure:8697: result: yes
configure:8697: checking libvdeplug.h usability
configure:8697: gcc -c  -Wall  conftest.c >&5
configure:8697: $? = 0
configure:8697: result: yes
configure:8697: checking libvdeplug.h presence
configure:8697: gcc -E  conftest.c
configure:8697: $? = 0
configure:8697: result: yes
configure:8697: checking for libvdeplug.h
configure:8697: result: yes
configure:8697: checking libvdeplug_mod.h usability
configure:8697: gcc -c  -Wall  conftest.c >&5
configure:8697: $? = 0
configure:8697: result: yes
configure:8697: checking libvdeplug_mod.h presence
configure:8697: gcc -E  conftest.c
configure:8697: $? = 0
configure:8697: result: yes
configure:8697: checking for libvdeplug_mod.h
configure:8697: result: yes
configure:8697: checking pcap/pcap.h usability
configure:8697: gcc -c  -Wall  conftest.c >&5
configure:8697: $? = 0
configure:8697: result: yes
configure:8697: checking pcap/pcap.h presence
configure:8697: gcc -E  conftest.c
configure:8697: $? = 0
configure:8697: result: yes
configure:8697: checking for pcap/pcap.h
configure:8697: result: yes
configure:8713: checking for strcmp
configure:8713: gcc -o conftest  -Wall   conftest.c  >&5
conftest.c:55:6: warning: conflicting types for built-in function 'strcmp'; expected 'int(const char *, const char *)' [-Wbuiltin-declaration-mismatch]
   55 | char strcmp ();
      |      ^~~~~~
conftest.c:43:1: note: 'strcmp' is declared in header '<string.h>'
   42 | # include <limits.h>
   43 | #else
configure:8713: $? = 0
configure:8713: result: yes
configure:8826: checking that generated files are newer than configure
configure:8832: result: done
configure:8855: creating ./config.status

## ---------------------- ##
## Running config.status. ##
## ---------------------- ##

This file was extended by libvdeplug_pcap config.status 0.1, which was
generated by GNU Autoconf 2.69.  Invocation command line was

  CONFIG_FILES    = 
  CONFIG_HEADERS  = 
  CONFIG_LINKS    = 
  CONFIG_COMMANDS = 
  $ ./config.status 

on stefano-VirtualBox

config.status:1090: creating Makefile
config.status:1090: creating config.h
config.status:1319: executing depfiles commands
config.status:1396: cd .       && sed -e '/# am--include-marker/d' Makefile         | make -f - am--depfiles
config.status:1401: $? = 0
config.status:1319: executing libtool commands

## ---------------- ##
## Cache variables. ##
## ---------------- ##

ac_cv_build=x86_64-pc-linux-gnu
ac_cv_c_compiler_gnu=yes
ac_cv_env_CC_set=
ac_cv_env_CC_value=
ac_cv_env_CFLAGS_set=
ac_cv_env_CFLAGS_value=
ac_cv_env_CPPFLAGS_set=
ac_cv_env_CPPFLAGS_value=
ac_cv_env_CPP_set=
ac_cv_env_CPP_value=
ac_cv_env_LDFLAGS_set=
ac_cv_env_LDFLAGS_value=
ac_cv_env_LIBS_set=
ac_cv_env_LIBS_value=
ac_cv_env_LT_SYS_LIBRARY_PATH_set=
ac_cv_env_LT_SYS_LIBRARY_PATH_value=
ac_cv_env_build_alias_set=
ac_cv_env_build_alias_value=
ac_cv_env_host_alias_set=
ac_cv_env_host_alias_value=
ac_cv_env_target_alias_set=
ac_cv_env_target_alias_value=
ac_cv_func_strcmp=yes
ac_cv_header_dlfcn_h=yes
ac_cv_header_fcntl_h=yes
ac_cv_header_inttypes_h=yes
ac_cv_header_libvdeplug_h=yes
ac_cv_header_libvdeplug_mod_h=yes
ac_cv_header_memory_h=yes
ac_cv_header_pcap_pcap_h=yes
ac_cv_header_stdc=yes
ac_cv_header_stdint_h=yes
ac_cv_header_stdlib_h=yes
ac_cv_header_string_h=yes
ac_cv_header_strings_h=yes
ac_cv_header_sys_stat_h=yes
ac_cv_header_sys_types_h=yes
ac_cv_header_syslog_h=yes
ac_cv_header_unistd_h=yes
ac_cv_host=x86_64-pc-linux-gnu
ac_cv_objext=o
ac_cv_path_EGREP='/usr/bin/grep -E'
ac_cv_path_FGREP='/usr/bin/grep -F'
ac_cv_path_GREP=/usr/bin/grep
ac_cv_path_SED=/usr/bin/sed
ac_cv_path_install='/usr/bin/install -c'
ac_cv_path_lt_DD=/usr/bin/dd
ac_cv_path_mkdir=/usr/bin/mkdir
ac_cv_prog_AWK=mawk
ac_cv_prog_CPP='gcc -E'
ac_cv_prog_ac_ct_AR=ar
ac_cv_prog_ac_ct_CC=gcc
ac_cv_prog_ac_ct_MANIFEST_TOOL=mt
ac_cv_prog_ac_ct_OBJDUMP=objdump
ac_cv_prog_ac_ct_RANLIB=ranlib
ac_cv_prog_ac_ct_STRIP=strip
ac_cv_prog_cc_c89=
ac_cv_prog_cc_g=yes
ac_cv_prog_make_make_set=yes
am_cv_CC_dependencies_compiler_type=gcc3
am_cv_make_support_nested_variables=yes
am_cv_prog_cc_c_o=yes
lt_cv_ar_at_file=@
lt_cv_archive_cmds_need_lc=no
lt_cv_deplibs_check_method=pass_all
lt_cv_file_magic_cmd='$MAGIC_CMD'
lt_cv_file_magic_test_file=
lt_cv_ld_reload_flag=-r
lt_cv_nm_interface='BSD nm'
lt_cv_objdir=.libs
lt_cv_path_LD=/usr/bin/ld
lt_cv_path_NM='/usr/bin/nm -B'
lt_cv_path_mainfest_tool=no
lt_cv_prog_compiler_c_o=yes
lt_cv_prog_compiler_pic='-fPIC -DPIC'
lt_cv_prog_compiler_pic_works=yes
lt_cv_prog_compiler_rtti_exceptions=no
lt_cv_prog_compiler_static_works=yes
lt_cv_prog_gnu_ld=yes
lt_cv_sharedlib_from_linklib_cmd='printf %s\n'
lt_cv_shlibpath_overrides_runpath=yes
lt_cv_sys_global_symbol_pipe='sed -n -e '\''s/^.*[	 ]\([ABCDGIRSTW][ABCDGIRSTW]*\)[	 ][	 ]*\([_A-Za-z][_A-Za-z0-9]*\)$/\1 \2 \2/p'\'' | sed '\''/ __gnu_lto/d'\'''
lt_cv_sys_global_symbol_to_c_name_address='sed -n -e '\''s/^: \(.*\) .*$/  {"\1", (void *) 0},/p'\'' -e '\''s/^[ABCDGIRSTW][ABCDGIRSTW]* .* \(.*\)$/  {"\1", (void *) \&\1},/p'\'''
lt_cv_sys_global_symbol_to_c_name_address_lib_prefix='sed -n -e '\''s/^: \(.*\) .*$/  {"\1", (void *) 0},/p'\'' -e '\''s/^[ABCDGIRSTW][ABCDGIRSTW]* .* \(lib.*\)$/  {"\1", (void *) \&\1},/p'\'' -e '\''s/^[ABCDGIRSTW][ABCDGIRSTW]* .* \(.*\)$/  {"lib\1", (void *) \&\1},/p'\'''
lt_cv_sys_global_symbol_to_cdecl='sed -n -e '\''s/^T .* \(.*\)$/extern int \1();/p'\'' -e '\''s/^[ABCDGIRSTW][ABCDGIRSTW]* .* \(.*\)$/extern char \1;/p'\'''
lt_cv_sys_global_symbol_to_import=
lt_cv_sys_max_cmd_len=1572864
lt_cv_to_host_file_cmd=func_convert_file_noop
lt_cv_to_tool_file_cmd=func_convert_file_noop
lt_cv_truncate_bin='/usr/bin/dd bs=4096 count=1'

## ----------------- ##
## Output variables. ##
## ----------------- ##

ACLOCAL='${SHELL} /home/stefano/Documents/virtlab/gits/vdeplug_pcap/missing aclocal-1.16'
AMDEPBACKSLASH='\'
AMDEP_FALSE='#'
AMDEP_TRUE=''
AMTAR='$${TAR-tar}'
AM_BACKSLASH='\'
AM_DEFAULT_V='$(AM_DEFAULT_VERBOSITY)'
AM_DEFAULT_VERBOSITY='1'
AM_V='$(V)'
AR='ar'
AUTOCONF='${SHELL} /home/stefano/Documents/virtlab/gits/vdeplug_pcap/missing autoconf'
AUTOHEADER='${SHELL} /home/stefano/Documents/virtlab/gits/vdeplug_pcap/missing autoheader'
AUTOMAKE='${SHELL} /home/stefano/Documents/virtlab/gits/vdeplug_pcap/missing automake-1.16'
AWK='mawk'
CC='gcc'
CCDEPMODE='depmode=gcc3'
CFLAGS=' -Wall'
CPP='gcc -E'
CPPFLAGS=''
CYGPATH_W='echo'
DEFS='-DHAVE_CONFIG_H'
DEPDIR='.deps'
DLLTOOL='false'
DSYMUTIL=''
DUMPBIN=''
ECHO_C=''
ECHO_N='-n'
ECHO_T=''
EGREP='/usr/bin/grep -E'
EXEEXT=''
FGREP='/usr/bin/grep -F'
GREP='/usr/bin/grep'
INSTALL_DATA='${INSTALL} -m 644'
INSTALL_PROGRAM='${INSTALL}'
INSTALL_SCRIPT='${INSTALL}'
INSTALL_STRIP_PROGRAM='$(install_sh) -c -s'
LD='/usr/bin/ld -m elf_x86_64'
LDFLAGS=''
LIBOBJS=''
LIBS=''
LIBTOOL='$(SHELL) $(top_builddir)/libtool'
LIPO=''
LN_S='ln -s'
LTLIBOBJS=''
LT_SYS_LIBRARY_PATH=''
MAKEINFO='${SHELL} /home/stefano/Documents/virtlab/gits/vdeplug_pcap/missing makeinfo'
MANIFEST_TOOL=':'
MKDIR_P='/usr/bin/mkdir -p'
NM='/usr/bin/nm -B'
NMEDIT=''
OBJDUMP='objdump'
OBJEXT='o'
OTOOL64=''
OTOOL=''
PACKAGE='libvdeplug_pcap'
PACKAGE_BUGREPORT='info@v2.cs.unibo.it'
PACKAGE_NAME='libvdeplug_pcap'
PACKAGE_STRING='libvdeplug_pcap 0.1'
PACKAGE_TARNAME='libvdeplug_pcap'
PACKAGE_URL=''
PACKAGE_VERSION='0.1'
PATH_SEPARATOR=':'
RANLIB='ranlib'
SED='/usr/bin/sed'
SET_MAKE=''
SHELL='/bin/bash'
STRIP='strip'
VERSION='0.1'
ac_ct_AR='ar'
ac_ct_CC='gcc'
ac_ct_DUMPBIN=''
am__EXEEXT_FALSE=''
am__EXEEXT_TRUE='#'
am__fastdepCC_FALSE='#'
am__fastdepCC_TRUE=''
am__include='include'
am__isrc=''
am__leading_dot='.'
am__nodep='_no'
am__quote=''
am__tar='$${TAR-tar} chof - "$$tardir"'
am__untar='$${TAR-tar} xf -'
bindir='${exec_prefix}/bin'
build='x86_64-pc-linux-gnu'
build_alias=''
build_cpu='x86_64'
build_os='linux-gnu'
build_vendor='pc'
datadir='${datarootdir}'
datarootdir='${prefix}/share'
docdir='${datarootdir}/doc/${PACKAGE_TARNAME}'
dvidir='${docdir}'
exec_prefix='${prefix}'
host='x86_64-pc-linux-gnu'
host_alias=''
host_cpu='x86_64'
host_os='linux-gnu'
host_vendor='pc'
htmldir='${docdir}'
includedir='${prefix}/include'
infodir='${datarootdir}/info'
install_sh='${SHELL} /home/stefano/Documents/virtlab/gits/vdeplug_pcap/install-sh'
libdir='${exec_prefix}/lib'
libexecdir='${exec_prefix}/libexec'
localedir='${datarootdir}/locale'
localstatedir='${prefix}/var'
mandir='${datarootdir}/man'
mkdir_p='$(MKDIR_P)'
oldincludedir='/usr/include'
pdfdir='${docdir}'
prefix='/usr/local'
program_transform_name='s,x,x,'
psdir='${docdir}'
runstatedir='${localstatedir}/run'
sbindir='${exec_prefix}/sbin'
sharedstatedir='${prefix}/com'
sysconfdir='${prefix}/etc'
target_alias=''

## ----------- ##
## confdefs.h. ##
## ----------- ##

/* confdefs.h */
#define PACKAGE_NAME "libvdeplug_pcap"
#define PACKAGE_TARNAME "libvdeplug_pcap"
#define PACKAGE_VERSION "0.1"
#define PACKAGE_STRING "libvdeplug_pcap 0.1"
#define PACKAGE_BUGREPORT "info@v2.cs.unibo.it"
#define PACKAGE_URL ""
#define PACKAGE "libvdeplug_pcap"
#define VERSION "0.1"
#define STDC_HEADERS 1
#define HAVE_SYS_TYPES_H 1
#define HAVE_SYS_STAT_H 1
#define HAVE_STDLIB_H 1
#define HAVE_STRING_H 1
#define HAVE_MEMORY_H 1
#define HAVE_STRINGS_H 1
#define HAVE_INTTYPES_H 1
#define HAVE_STDINT_H 1
#define HAVE_UNISTD_H 1
#define HAVE_DLFCN_H 1
#define LT_OBJDIR ".libs/"
#define HAVE_FCNTL_H 1
#define HAVE_STDINT_H 1
#define HAVE_STDLIB_H 1
#define HAVE_STRING_H 1
#define HAVE_UNISTD_H 1
#define HAVE_SYSLOG_H 1
#define HAVE_LIBVDEPLUG_H 1
#define HAVE_LIBVDEPLUG_MOD_H 1
#define HAVE_PCAP_PCAP_H 1
#define HAVE_STRCMP 1

configure: exit 0
