This file contains any messages produced by compilers while
running configure, to aid debugging if configure makes a mistake.

It was created by execs configure 0.9, which was
generated by GNU Autoconf 2.69.  Invocation command line was

  $ ./configure 

## --------- ##
## Platform. ##
## --------- ##

hostname = stefano-VirtualBox
uname -m = x86_64
uname -r = 5.4.0-21-generic
uname -s = Linux
uname -v = #25-Ubuntu SMP Sat Mar 28 13:10:28 UTC 2020

/usr/bin/uname -p = x86_64
/bin/uname -X     = unknown

/bin/arch              = x86_64
/usr/bin/arch -k       = unknown
/usr/convex/getsysinfo = unknown
/usr/bin/hostinfo      = unknown
/bin/machine           = unknown
/usr/bin/oslevel       = unknown
/bin/universe          = unknown

PATH: /usr/local/sbin
PATH: /usr/local/bin
PATH: /usr/sbin
PATH: /usr/bin
PATH: /sbin
PATH: /bin
PATH: /snap/bin


## ----------- ##
## Core tests. ##
## ----------- ##

configure:2266: checking for a BSD-compatible install
configure:2334: result: /usr/bin/install -c
configure:2345: checking whether build environment is sane
configure:2400: result: yes
configure:2549: checking for a thread-safe mkdir -p
configure:2588: result: /usr/bin/mkdir -p
configure:2595: checking for gawk
configure:2625: result: no
configure:2595: checking for mawk
configure:2611: found /usr/bin/mawk
configure:2622: result: mawk
configure:2633: checking whether make sets $(MAKE)
configure:2655: result: yes
configure:2684: checking whether make supports nested variables
configure:2701: result: yes
configure:2861: checking build system type
configure:2875: result: x86_64-pc-linux-gnu
configure:2895: checking host system type
configure:2908: result: x86_64-pc-linux-gnu
configure:2949: checking how to print strings
configure:2976: result: printf
configure:3001: checking whether make supports the include directive
configure:3016: make -f confmf.GNU && cat confinc.out
this is the am__doit target
configure:3019: $? = 0
configure:3038: result: yes (GNU style)
configure:3108: checking for gcc
configure:3124: found /usr/bin/gcc
configure:3135: result: gcc
configure:3364: checking for C compiler version
configure:3373: gcc --version >&5
gcc (Ubuntu 9.3.0-10ubuntu1) 9.3.0
Copyright (C) 2019 Free Software Foundation, Inc.
This is free software; see the source for copying conditions.  There is NO
warranty; not even for MERCHANTABILITY or FITNESS FOR A PARTICULAR PURPOSE.

configure:3384: $? = 0
configure:3373: gcc -v >&5
Using built-in specs.
COLLECT_GCC=gcc
COLLECT_LTO_WRAPPER=/usr/lib/gcc/x86_64-linux-gnu/9/lto-wrapper
OFFLOAD_TARGET_NAMES=nvptx-none:hsa
OFFLOAD_TARGET_DEFAULT=1
Target: x86_64-linux-gnu
Configured with: ../src/configure -v --with-pkgversion='Ubuntu 9.3.0-10ubuntu1' --with-bugurl=file:///usr/share/doc/gcc-9/README.Bugs --enable-languages=c,ada,c++,go,brig,d,fortran,objc,obj-c++,gm2 --prefix=/usr --with-gcc-major-version-only --program-suffix=-9 --program-prefix=x86_64-linux-gnu- --enable-shared --enable-linker-build-id --libexecdir=/usr/lib --without-included-gettext --enable-threads=posix --libdir=/usr/lib --enable-nls --enable-clocale=gnu --enable-libstdcxx-debug --enable-libstdcxx-time=yes --with-default-libstdcxx-abi=new --enable-gnu-unique-object --disable-vtable-verify --enable-plugin --enable-default-pie --with-system-zlib --with-target-system-zlib=auto --enable-objc-gc=auto --enable-multiarch --disable-werror --with-arch-32=i686 --with-abi=m64 --with-multilib-list=m32,m64,mx32 --enable-multilib --with-tune=generic --enable-offload-targets=nvptx-none,hsa --without-cuda-driver --enable-checking=release --build=x86_64-linux-gnu --host=x86_64-linux-gnu --target=x86_64-linux-gnu
Thread model: posix
gcc version 9.3.0 (Ubuntu 9.3.0-10ubuntu1) 
configure:3384: $? = 0
configure:3373: gcc -V >&5
gcc: error: unrecognized command line option '-V'
gcc: fatal error: no input files
compilation terminated.
configure:3384: $? = 1
configure:3373: gcc -qversion >&5
gcc: error: unrecognized command line option '-qversion'; did you mean '--version'?
gcc: fatal error: no input files
compilation terminated.
configure:3384: $? = 1
configure:3404: checking whether the C compiler works
configure:3426: gcc    conftest.c  >&5
configure:3430: $? = 0
configure:3478: result: yes
configure:3481: checking for C compiler default output file name
configure:3483: result: a.out
configure:3489: checking for suffix of executables
configure:3496: gcc -o conftest    conftest.c  >&5
configure:3500: $? = 0
configure:3522: result: 
configure:3544: checking whether we are cross compiling
configure:3552: gcc -o conftest    conftest.c  >&5
configure:3556: $? = 0
configure:3563: ./conftest
configure:3567: $? = 0
configure:3555: result: no
configure:3560: checking for suffix of object files
configure:3582: gcc -c   conftest.c >&5
configure:3586: $? = 0
configure:3607: result: o
configure:3611: checking whether we are using the GNU C compiler
configure:3630: gcc -c   conftest.c >&5
configure:3630: $? = 0
configure:3639: result: yes
configure:3648: checking whether gcc accepts -g
configure:3668: gcc -c -g  conftest.c >&5
configure:3668: $? = 0
configure:3709: result: yes
configure:3726: checking for gcc option to accept ISO C89
configure:3789: gcc  -c -g -O2  conftest.c >&5
configure:3789: $? = 0
configure:3802: result: none needed
configure:3827: checking whether gcc understands -c and -o together
configure:3849: gcc -c conftest.c -o conftest2.o
configure:3852: $? = 0
configure:3849: gcc -c conftest.c -o conftest2.o
configure:3852: $? = 0
configure:3864: result: yes
configure:3883: checking dependency style of gcc
configure:3994: result: gcc3
configure:4009: checking for a sed that does not truncate output
configure:4073: result: /usr/bin/sed
configure:4091: checking for grep that handles long lines and -e
configure:4149: result: /usr/bin/grep
configure:4154: checking for egrep
configure:4216: result: /usr/bin/grep -E
configure:4221: checking for fgrep
configure:4283: result: /usr/bin/grep -F
configure:4318: checking for ld used by gcc
configure:4385: result: /usr/bin/ld
configure:4392: checking if the linker (/usr/bin/ld) is GNU ld
configure:4407: result: yes
configure:4419: checking for BSD- or MS-compatible name lister (nm)
configure:4473: result: /usr/bin/nm -B
configure:4603: checking the name lister (/usr/bin/nm -B) interface
configure:4610: gcc -c -g -O2  conftest.c >&5
configure:4613: /usr/bin/nm -B "conftest.o"
configure:4616: output
0000000000000000 B some_variable
configure:4617: result: BSD nm
configure:4620: checking whether ln -s works
configure:4624: result: yes
configure:4632: checking the maximum length of command line arguments
configure:4763: result: 1572864
configure:4811: checking how to convert x86_64-pc-linux-gnu file names to x86_64-pc-linux-gnu format
configure:4851: result: func_convert_file_noop
configure:4858: checking how to convert x86_64-pc-linux-gnu file names to toolchain format
configure:4878: result: func_convert_file_noop
configure:4885: checking for /usr/bin/ld option to reload object files
configure:4892: result: -r
configure:4966: checking for objdump
configure:4982: found /usr/bin/objdump
configure:4993: result: objdump
configure:5025: checking how to recognize dependent libraries
configure:5225: result: pass_all
configure:5310: checking for dlltool
configure:5340: result: no
configure:5370: checking how to associate runtime and link libraries
configure:5397: result: printf %s\n
configure:5458: checking for ar
configure:5474: found /usr/bin/ar
configure:5485: result: ar
configure:5522: checking for archiver @FILE support
configure:5539: gcc -c -g -O2  conftest.c >&5
configure:5539: $? = 0
configure:5542: ar cr libconftest.a @conftest.lst >&5
configure:5545: $? = 0
configure:5550: ar cr libconftest.a @conftest.lst >&5
ar: conftest.o: No such file or directory
configure:5553: $? = 1
configure:5552: result: @
configure:5610: checking for strip
configure:5626: found /usr/bin/strip
configure:5637: result: strip
configure:5709: checking for ranlib
configure:5725: found /usr/bin/ranlib
configure:5736: result: ranlib
configure:5838: checking command to parse /usr/bin/nm -B output from gcc object
configure:5991: gcc -c -g -O2  conftest.c >&5
configure:5994: $? = 0
configure:5998: /usr/bin/nm -B conftest.o | sed -n -e 's/^.*[	 ]\([ABCDGIRSTW][ABCDGIRSTW]*\)[	 ][	 ]*\([_A-Za-z][_A-Za-z0-9]*\)$/\1 \2 \2/p' | sed '/ __gnu_lto/d' > conftest.nm
configure:6064: gcc -o conftest -g -O2   conftest.c conftstm.o >&5
configure:6067: $? = 0
configure:6105: result: ok
configure:6152: checking for sysroot
configure:6182: result: no
configure:6189: checking for a working dd
configure:6227: result: /usr/bin/dd
configure:6231: checking how to truncate binary pipes
configure:6246: result: /usr/bin/dd bs=4096 count=1
configure:6382: gcc -c -g -O2  conftest.c >&5
configure:6385: $? = 0
configure:6575: checking for mt
configure:6591: found /usr/bin/mt
configure:6602: result: mt
configure:6625: checking if mt is a manifest tool
configure:6631: mt '-?'
configure:6639: result: no
configure:7316: checking how to run the C preprocessor
configure:7347: gcc -E  conftest.c
configure:7347: $? = 0
configure:7361: gcc -E  conftest.c
conftest.c:11:10: fatal error: ac_nonexistent.h: No such file or directory
   11 | #include <ac_nonexistent.h>
      |          ^~~~~~~~~~~~~~~~~~
compilation terminated.
configure:7361: $? = 1
configure: failed program was:
| /* confdefs.h */
| #define PACKAGE_NAME "execs"
| #define PACKAGE_TARNAME "execs"
| #define PACKAGE_VERSION "0.9"
| #define PACKAGE_STRING "execs 0.9"
| #define PACKAGE_BUGREPORT "info@v2.cs.unibo.it"
| #define PACKAGE_URL ""
| #define PACKAGE "execs"
| #define VERSION "0.9"
| /* end confdefs.h.  */
| #include <ac_nonexistent.h>
configure:7386: result: gcc -E
configure:7406: gcc -E  conftest.c
configure:7406: $? = 0
configure:7420: gcc -E  conftest.c
conftest.c:11:10: fatal error: ac_nonexistent.h: No such file or directory
   11 | #include <ac_nonexistent.h>
      |          ^~~~~~~~~~~~~~~~~~
compilation terminated.
configure:7420: $? = 1
configure: failed program was:
| /* confdefs.h */
| #define PACKAGE_NAME "execs"
| #define PACKAGE_TARNAME "execs"
| #define PACKAGE_VERSION "0.9"
| #define PACKAGE_STRING "execs 0.9"
| #define PACKAGE_BUGREPORT "info@v2.cs.unibo.it"
| #define PACKAGE_URL ""
| #define PACKAGE "execs"
| #define VERSION "0.9"
| /* end confdefs.h.  */
| #include <ac_nonexistent.h>
configure:7449: checking for ANSI C header files
configure:7469: gcc -c -g -O2  conftest.c >&5
configure:7469: $? = 0
configure:7542: gcc -o conftest -g -O2   conftest.c  >&5
configure:7542: $? = 0
configure:7542: ./conftest
configure:7542: $? = 0
configure:7553: result: yes
configure:7566: checking for sys/types.h
configure:7566: gcc -c -g -O2  conftest.c >&5
configure:7566: $? = 0
configure:7566: result: yes
configure:7566: checking for sys/stat.h
configure:7566: gcc -c -g -O2  conftest.c >&5
configure:7566: $? = 0
configure:7566: result: yes
configure:7566: checking for stdlib.h
configure:7566: gcc -c -g -O2  conftest.c >&5
configure:7566: $? = 0
configure:7566: result: yes
configure:7566: checking for string.h
configure:7566: gcc -c -g -O2  conftest.c >&5
configure:7566: $? = 0
configure:7566: result: yes
configure:7566: checking for memory.h
configure:7566: gcc -c -g -O2  conftest.c >&5
configure:7566: $? = 0
configure:7566: result: yes
configure:7566: checking for strings.h
configure:7566: gcc -c -g -O2  conftest.c >&5
configure:7566: $? = 0
configure:7566: result: yes
configure:7566: checking for inttypes.h
configure:7566: gcc -c -g -O2  conftest.c >&5
configure:7566: $? = 0
configure:7566: result: yes
configure:7566: checking for stdint.h
configure:7566: gcc -c -g -O2  conftest.c >&5
configure:7566: $? = 0
configure:7566: result: yes
configure:7566: checking for unistd.h
configure:7566: gcc -c -g -O2  conftest.c >&5
configure:7566: $? = 0
configure:7566: result: yes
configure:7580: checking for dlfcn.h
configure:7580: gcc -c -g -O2  conftest.c >&5
configure:7580: $? = 0
configure:7580: result: yes
configure:7836: checking for objdir
configure:7851: result: .libs
configure:8111: checking if gcc supports -fno-rtti -fno-exceptions
configure:8129: gcc -c -g -O2  -fno-rtti -fno-exceptions conftest.c >&5
cc1: warning: command line option '-fno-rtti' is valid for C++/D/ObjC++ but not for C
configure:8133: $? = 0
configure:8146: result: no
configure:8510: checking for gcc option to produce PIC
configure:8517: result: -fPIC -DPIC
configure:8525: checking if gcc PIC flag -fPIC -DPIC works
configure:8543: gcc -c -g -O2  -fPIC -DPIC -DPIC conftest.c >&5
configure:8547: $? = 0
configure:8560: result: yes
configure:8589: checking if gcc static flag -static works
configure:8617: result: yes
configure:8632: checking if gcc supports -c -o file.o
configure:8653: gcc -c -g -O2  -o out/conftest2.o conftest.c >&5
configure:8657: $? = 0
configure:8679: result: yes
configure:8687: checking if gcc supports -c -o file.o
configure:8734: result: yes
configure:8767: checking whether the gcc linker (/usr/bin/ld -m elf_x86_64) supports shared libraries
configure:10030: result: yes
configure:10067: checking whether -lc should be explicitly linked in
configure:10075: gcc -c -g -O2  conftest.c >&5
configure:10078: $? = 0
configure:10093: gcc -shared  -fPIC -DPIC conftest.o  -v -Wl,-soname -Wl,conftest -o conftest 2\>\&1 \| /usr/bin/grep  -lc  \>/dev/null 2\>\&1
configure:10096: $? = 0
configure:10110: result: no
configure:10270: checking dynamic linker characteristics
configure:10851: gcc -o conftest -g -O2   -Wl,-rpath -Wl,/foo conftest.c  >&5
configure:10851: $? = 0
configure:11100: result: GNU/Linux ld.so
configure:11222: checking how to hardcode library paths into programs
configure:11247: result: immediate
configure:11795: checking whether stripping libraries is possible
configure:11800: result: yes
configure:11835: checking if libtool supports shared libraries
configure:11837: result: yes
configure:11840: checking whether to build shared libraries
configure:11865: result: yes
configure:11868: checking whether to build static libraries
configure:11872: result: yes
configure:8733: checking for gcc
configure:8760: result: gcc
configure:8989: checking for C compiler version
configure:8998: gcc --version >&5
gcc (Ubuntu 9.3.0-10ubuntu1) 9.3.0
Copyright (C) 2019 Free Software Foundation, Inc.
This is free software; see the source for copying conditions.  There is NO
warranty; not even for MERCHANTABILITY or FITNESS FOR A PARTICULAR PURPOSE.

configure:9009: $? = 0
configure:8998: gcc -v >&5
Using built-in specs.
COLLECT_GCC=gcc
COLLECT_LTO_WRAPPER=/usr/lib/gcc/x86_64-linux-gnu/9/lto-wrapper
OFFLOAD_TARGET_NAMES=nvptx-none:hsa
OFFLOAD_TARGET_DEFAULT=1
Target: x86_64-linux-gnu
Configured with: ../src/configure -v --with-pkgversion='Ubuntu 9.3.0-10ubuntu1' --with-bugurl=file:///usr/share/doc/gcc-9/README.Bugs --enable-languages=c,ada,c++,go,brig,d,fortran,objc,obj-c++,gm2 --prefix=/usr --with-gcc-major-version-only --program-suffix=-9 --program-prefix=x86_64-linux-gnu- --enable-shared --enable-linker-build-id --libexecdir=/usr/lib --without-included-gettext --enable-threads=posix --libdir=/usr/lib --enable-nls --enable-clocale=gnu --enable-libstdcxx-debug --enable-libstdcxx-time=yes --with-default-libstdcxx-abi=new --enable-gnu-unique-object --disable-vtable-verify --enable-plugin --enable-default-pie --with-system-zlib --with-target-system-zlib=auto --enable-objc-gc=auto --enable-multiarch --disable-werror --with-arch-32=i686 --with-abi=m64 --with-multilib-list=m32,m64,mx32 --enable-multilib --with-tune=generic --enable-offload-targets=nvptx-none,hsa --without-cuda-driver --enable-checking=release --build=x86_64-linux-gnu --host=x86_64-linux-gnu --target=x86_64-linux-gnu
Thread model: posix
gcc version 9.3.0 (Ubuntu 9.3.0-10ubuntu1) 
configure:9009: $? = 0
configure:8998: gcc -V >&5
gcc: error: unrecognized command line option '-V'
gcc: fatal error: no input files
compilation terminated.
configure:9009: $? = 1
configure:8998: gcc -qversion >&5
gcc: error: unrecognized command line option '-qversion'; did you mean '--version'?
gcc: fatal error: no input files
compilation terminated.
configure:9009: $? = 1
configure:9013: checking whether we are using the GNU C compiler
configure:9041: result: yes
configure:9050: checking whether gcc accepts -g
configure:9111: result: yes
configure:9128: checking for gcc option to accept ISO C89
configure:9204: result: none needed
configure:9229: checking whether gcc understands -c and -o together
configure:9266: result: yes
configure:9285: checking dependency style of gcc
configure:9396: result: gcc3
configure:9418: checking for stdlib.h
configure:9418: result: yes
configure:9418: checking for string.h
configure:9418: result: yes
configure:9418: checking stdio.h usability
configure:9418: gcc -c -g -O2  conftest.c >&5
configure:9418: $? = 0
configure:9418: result: yes
configure:9418: checking stdio.h presence
configure:9418: gcc -E  conftest.c
configure:9418: $? = 0
configure:9418: result: yes
configure:9418: checking for stdio.h
configure:9418: result: yes
configure:9418: checking for unistd.h
configure:9418: result: yes
configure:9430: checking for inline
configure:9446: gcc -c -g -O2  conftest.c >&5
configure:9446: $? = 0
configure:9454: result: inline
configure:9477: checking for execv
configure:9477: gcc -o conftest -g -O2   conftest.c  >&5
conftest.c:50:6: warning: conflicting types for built-in function 'execv'; expected 'int(const char *, char * const*)' [-Wbuiltin-declaration-mismatch]
   50 | char execv ();
      |      ^~~~~
configure:9477: $? = 0
configure:9477: result: yes
configure:9477: checking for execvp
configure:9477: gcc -o conftest -g -O2   conftest.c  >&5
conftest.c:51:6: warning: conflicting types for built-in function 'execvp'; expected 'int(const char *, char * const*)' [-Wbuiltin-declaration-mismatch]
   51 | char execvp ();
      |      ^~~~~~
configure:9477: $? = 0
configure:9477: result: yes
configure:9477: checking for execvpe
configure:9477: gcc -o conftest -g -O2   conftest.c  >&5
configure:9477: $? = 0
configure:9477: result: yes
configure:9489: checking for strlen
configure:9489: gcc -o conftest -g -O2   conftest.c  >&5
conftest.c:53:6: warning: conflicting types for built-in function 'strlen'; expected 'long unsigned int(const char *)' [-Wbuiltin-declaration-mismatch]
   53 | char strlen ();
      |      ^~~~~~
conftest.c:41:1: note: 'strlen' is declared in header '<string.h>'
   40 | # include <limits.h>
   41 | #else
configure:9489: $? = 0
configure:9489: result: yes
configure:9489: checking for strdup
configure:9489: gcc -o conftest -g -O2   conftest.c  >&5
conftest.c:54:6: warning: conflicting types for built-in function 'strdup'; expected 'char *(const char *)' [-Wbuiltin-declaration-mismatch]
   54 | char strdup ();
      |      ^~~~~~
configure:9489: $? = 0
configure:9489: result: yes
configure:9501: checking for calloc
configure:9501: gcc -o conftest -g -O2   conftest.c  >&5
conftest.c:55:6: warning: conflicting types for built-in function 'calloc'; expected 'void *(long unsigned int,  long unsigned int)' [-Wbuiltin-declaration-mismatch]
   55 | char calloc ();
      |      ^~~~~~
conftest.c:43:1: note: 'calloc' is declared in header '<stdlib.h>'
   42 | # include <limits.h>
   43 | #else
configure:9501: $? = 0
configure:9501: result: yes
configure:9501: checking for free
configure:9501: gcc -o conftest -g -O2   conftest.c  >&5
conftest.c:56:6: warning: conflicting types for built-in function 'free'; expected 'void(void *)' [-Wbuiltin-declaration-mismatch]
   56 | char free ();
      |      ^~~~
conftest.c:44:1: note: 'free' is declared in header '<stdlib.h>'
   43 | # include <limits.h>
   44 | #else
configure:9501: $? = 0
configure:9501: result: yes
configure:9614: checking that generated files are newer than configure
configure:9620: result: done
configure:9647: creating ./config.status

## ---------------------- ##
## Running config.status. ##
## ---------------------- ##

This file was extended by execs config.status 0.9, which was
generated by GNU Autoconf 2.69.  Invocation command line was

  CONFIG_FILES    = 
  CONFIG_HEADERS  = 
  CONFIG_LINKS    = 
  CONFIG_COMMANDS = 
  $ ./config.status 

on stefano-VirtualBox

config.status:1091: creating Makefile
config.status:1091: creating config.h
config.status:1320: executing depfiles commands
config.status:1397: cd .       && sed -e '/# am--include-marker/d' Makefile         | make -f - am--depfiles
config.status:1402: $? = 0
config.status:1320: executing libtool commands

## ---------------- ##
## Cache variables. ##
## ---------------- ##

ac_cv_build=x86_64-pc-linux-gnu
ac_cv_c_compiler_gnu=yes
ac_cv_c_inline=inline
ac_cv_env_CC_set=
ac_cv_env_CC_value=
ac_cv_env_CFLAGS_set=
ac_cv_env_CFLAGS_value=
ac_cv_env_CPPFLAGS_set=
ac_cv_env_CPPFLAGS_value=
ac_cv_env_CPP_set=
ac_cv_env_CPP_value=
ac_cv_env_LDFLAGS_set=
ac_cv_env_LDFLAGS_value=
ac_cv_env_LIBS_set=
ac_cv_env_LIBS_value=
ac_cv_env_LT_SYS_LIBRARY_PATH_set=
ac_cv_env_LT_SYS_LIBRARY_PATH_value=
ac_cv_env_build_alias_set=
ac_cv_env_build_alias_value=
ac_cv_env_host_alias_set=
ac_cv_env_host_alias_value=
ac_cv_env_target_alias_set=
ac_cv_env_target_alias_value=
ac_cv_func_calloc=yes
ac_cv_func_execv=yes
ac_cv_func_execvp=yes
ac_cv_func_execvpe=yes
ac_cv_func_free=yes
ac_cv_func_strdup=yes
ac_cv_func_strlen=yes
ac_cv_header_dlfcn_h=yes
ac_cv_header_inttypes_h=yes
ac_cv_header_memory_h=yes
ac_cv_header_stdc=yes
ac_cv_header_stdint_h=yes
ac_cv_header_stdio_h=yes
ac_cv_header_stdlib_h=yes
ac_cv_header_string_h=yes
ac_cv_header_strings_h=yes
ac_cv_header_sys_stat_h=yes
ac_cv_header_sys_types_h=yes
ac_cv_header_unistd_h=yes
ac_cv_host=x86_64-pc-linux-gnu
ac_cv_objext=o
ac_cv_path_EGREP='/usr/bin/grep -E'
ac_cv_path_FGREP='/usr/bin/grep -F'
ac_cv_path_GREP=/usr/bin/grep
ac_cv_path_SED=/usr/bin/sed
ac_cv_path_install='/usr/bin/install -c'
ac_cv_path_lt_DD=/usr/bin/dd
ac_cv_path_mkdir=/usr/bin/mkdir
ac_cv_prog_AWK=mawk
ac_cv_prog_CPP='gcc -E'
ac_cv_prog_ac_ct_AR=ar
ac_cv_prog_ac_ct_CC=gcc
ac_cv_prog_ac_ct_MANIFEST_TOOL=mt
ac_cv_prog_ac_ct_OBJDUMP=objdump
ac_cv_prog_ac_ct_RANLIB=ranlib
ac_cv_prog_ac_ct_STRIP=strip
ac_cv_prog_cc_c89=
ac_cv_prog_cc_g=yes
ac_cv_prog_make_make_set=yes
am_cv_CC_dependencies_compiler_type=gcc3
am_cv_make_support_nested_variables=yes
am_cv_prog_cc_c_o=yes
lt_cv_ar_at_file=@
lt_cv_archive_cmds_need_lc=no
lt_cv_deplibs_check_method=pass_all
lt_cv_file_magic_cmd='$MAGIC_CMD'
lt_cv_file_magic_test_file=
lt_cv_ld_reload_flag=-r
lt_cv_nm_interface='BSD nm'
lt_cv_objdir=.libs
lt_cv_path_LD=/usr/bin/ld
lt_cv_path_NM='/usr/bin/nm -B'
lt_cv_path_mainfest_tool=no
lt_cv_prog_compiler_c_o=yes
lt_cv_prog_compiler_pic='-fPIC -DPIC'
lt_cv_prog_compiler_pic_works=yes
lt_cv_prog_compiler_rtti_exceptions=no
lt_cv_prog_compiler_static_works=yes
lt_cv_prog_gnu_ld=yes
lt_cv_sharedlib_from_linklib_cmd='printf %s\n'
lt_cv_shlibpath_overrides_runpath=yes
lt_cv_sys_global_symbol_pipe='sed -n -e '\''s/^.*[	 ]\([ABCDGIRSTW][ABCDGIRSTW]*\)[	 ][	 ]*\([_A-Za-z][_A-Za-z0-9]*\)$/\1 \2 \2/p'\'' | sed '\''/ __gnu_lto/d'\'''
lt_cv_sys_global_symbol_to_c_name_address='sed -n -e '\''s/^: \(.*\) .*$/  {"\1", (void *) 0},/p'\'' -e '\''s/^[ABCDGIRSTW][ABCDGIRSTW]* .* \(.*\)$/  {"\1", (void *) \&\1},/p'\'''
lt_cv_sys_global_symbol_to_c_name_address_lib_prefix='sed -n -e '\''s/^: \(.*\) .*$/  {"\1", (void *) 0},/p'\'' -e '\''s/^[ABCDGIRSTW][ABCDGIRSTW]* .* \(lib.*\)$/  {"\1", (void *) \&\1},/p'\'' -e '\''s/^[ABCDGIRSTW][ABCDGIRSTW]* .* \(.*\)$/  {"lib\1", (void *) \&\1},/p'\'''
lt_cv_sys_global_symbol_to_cdecl='sed -n -e '\''s/^T .* \(.*\)$/extern int \1();/p'\'' -e '\''s/^[ABCDGIRSTW][ABCDGIRSTW]* .* \(.*\)$/extern char \1;/p'\'''
lt_cv_sys_global_symbol_to_import=
lt_cv_sys_max_cmd_len=1572864
lt_cv_to_host_file_cmd=func_convert_file_noop
lt_cv_to_tool_file_cmd=func_convert_file_noop
lt_cv_truncate_bin='/usr/bin/dd bs=4096 count=1'

## ----------------- ##
## Output variables. ##
## ----------------- ##

ACLOCAL='${SHELL} /home/stefano/Documents/virtlab/gits/s2argv-execs/missing aclocal-1.16'
AMDEPBACKSLASH='\'
AMDEP_FALSE='#'
AMDEP_TRUE=''
AMTAR='$${TAR-tar}'
AM_BACKSLASH='\'
AM_DEFAULT_V='$(AM_DEFAULT_VERBOSITY)'
AM_DEFAULT_VERBOSITY='1'
AM_V='$(V)'
AR='ar'
AUTOCONF='${SHELL} /home/stefano/Documents/virtlab/gits/s2argv-execs/missing autoconf'
AUTOHEADER='${SHELL} /home/stefano/Documents/virtlab/gits/s2argv-execs/missing autoheader'
AUTOMAKE='${SHELL} /home/stefano/Documents/virtlab/gits/s2argv-execs/missing automake-1.16'
AWK='mawk'
CC='gcc'
CCDEPMODE='depmode=gcc3'
CFLAGS='-g -O2'
CPP='gcc -E'
CPPFLAGS=''
CYGPATH_W='echo'
DEFS='-DHAVE_CONFIG_H'
DEPDIR='.deps'
DLLTOOL='false'
DSYMUTIL=''
DUMPBIN=''
ECHO_C=''
ECHO_N='-n'
ECHO_T=''
EGREP='/usr/bin/grep -E'
EXEEXT=''
FGREP='/usr/bin/grep -F'
GREP='/usr/bin/grep'
INSTALL_DATA='${INSTALL} -m 644'
INSTALL_PROGRAM='${INSTALL}'
INSTALL_SCRIPT='${INSTALL}'
INSTALL_STRIP_PROGRAM='$(install_sh) -c -s'
LD='/usr/bin/ld -m elf_x86_64'
LDFLAGS=''
LIBOBJS=''
LIBS=''
LIBTOOL='$(SHELL) $(top_builddir)/libtool'
LIPO=''
LN_S='ln -s'
LTLIBOBJS=''
LT_SYS_LIBRARY_PATH=''
MAKEINFO='${SHELL} /home/stefano/Documents/virtlab/gits/s2argv-execs/missing makeinfo'
MANIFEST_TOOL=':'
MKDIR_P='/usr/bin/mkdir -p'
NM='/usr/bin/nm -B'
NMEDIT=''
OBJDUMP='objdump'
OBJEXT='o'
OTOOL64=''
OTOOL=''
PACKAGE='execs'
PACKAGE_BUGREPORT='info@v2.cs.unibo.it'
PACKAGE_NAME='execs'
PACKAGE_STRING='execs 0.9'
PACKAGE_TARNAME='execs'
PACKAGE_URL=''
PACKAGE_VERSION='0.9'
PATH_SEPARATOR=':'
RANLIB='ranlib'
SED='/usr/bin/sed'
SET_MAKE=''
SHELL='/bin/bash'
STRIP='strip'
VERSION='0.9'
ac_ct_AR='ar'
ac_ct_CC='gcc'
ac_ct_DUMPBIN=''
am__EXEEXT_FALSE=''
am__EXEEXT_TRUE='#'
am__fastdepCC_FALSE='#'
am__fastdepCC_TRUE=''
am__include='include'
am__isrc=''
am__leading_dot='.'
am__nodep='_no'
am__quote=''
am__tar='$${TAR-tar} chof - "$$tardir"'
am__untar='$${TAR-tar} xf -'
bindir='${exec_prefix}/bin'
build='x86_64-pc-linux-gnu'
build_alias=''
build_cpu='x86_64'
build_os='linux-gnu'
build_vendor='pc'
datadir='${datarootdir}'
datarootdir='${prefix}/share'
docdir='${datarootdir}/doc/${PACKAGE_TARNAME}'
dvidir='${docdir}'
exec_prefix='${prefix}'
host='x86_64-pc-linux-gnu'
host_alias=''
host_cpu='x86_64'
host_os='linux-gnu'
host_vendor='pc'
htmldir='${docdir}'
includedir='${prefix}/include'
infodir='${datarootdir}/info'
install_sh='${SHELL} /home/stefano/Documents/virtlab/gits/s2argv-execs/install-sh'
libdir='${exec_prefix}/lib'
libexecdir='${exec_prefix}/libexec'
localedir='${datarootdir}/locale'
localstatedir='${prefix}/var'
mandir='${datarootdir}/man'
mkdir_p='$(MKDIR_P)'
oldincludedir='/usr/include'
pdfdir='${docdir}'
prefix='/usr/local'
program_transform_name='s,x,x,'
psdir='${docdir}'
runstatedir='${localstatedir}/run'
sbindir='${exec_prefix}/sbin'
sharedstatedir='${prefix}/com'
sysconfdir='${prefix}/etc'
target_alias=''

## ----------- ##
## confdefs.h. ##
## ----------- ##

/* confdefs.h */
#define PACKAGE_NAME "execs"
#define PACKAGE_TARNAME "execs"
#define PACKAGE_VERSION "0.9"
#define PACKAGE_STRING "execs 0.9"
#define PACKAGE_BUGREPORT "info@v2.cs.unibo.it"
#define PACKAGE_URL ""
#define PACKAGE "execs"
#define VERSION "0.9"
#define STDC_HEADERS 1
#define HAVE_SYS_TYPES_H 1
#define HAVE_SYS_STAT_H 1
#define HAVE_STDLIB_H 1
#define HAVE_STRING_H 1
#define HAVE_MEMORY_H 1
#define HAVE_STRINGS_H 1
#define HAVE_INTTYPES_H 1
#define HAVE_STDINT_H 1
#define HAVE_UNISTD_H 1
#define HAVE_DLFCN_H 1
#define LT_OBJDIR ".libs/"
#define HAVE_STDLIB_H 1
#define HAVE_STRING_H 1
#define HAVE_STDIO_H 1
#define HAVE_UNISTD_H 1
#define HAVE_EXECV 1
#define HAVE_EXECVP 1
#define HAVE_EXECVPE 1
#define HAVE_STRLEN 1
#define HAVE_STRDUP 1
#define HAVE_CALLOC 1
#define HAVE_FREE 1

configure: exit 0
